2022-11-16 14:43:08.853  INFO 95972 --- [restartedMain] com.idb.reminder.ReminderApplication     : Starting ReminderApplication using Java 18.0.1 on Dinh-Phus-MacBook-Pro-16.local with PID 95972 (/Volumes/My_Data/WORKs/iDB/TPBank/Utils-SourceCode/reminder/target/classes started by dinhphu in /Volumes/My_Data/WORKs/iDB/TPBank/Utils-SourceCode/reminder)
2022-11-16 14:43:08.854 DEBUG 95972 --- [restartedMain] com.idb.reminder.ReminderApplication     : Running with Spring Boot v2.7.5, Spring v5.3.23
2022-11-16 14:43:08.854  INFO 95972 --- [restartedMain] com.idb.reminder.ReminderApplication     : No active profile set, falling back to 1 default profile: "default"
2022-11-16 14:43:11.145  WARN 95972 --- [restartedMain] JpaBaseConfiguration$JpaWebConfiguration : spring.jpa.open-in-view is enabled by default. Therefore, database queries may be performed during view rendering. Explicitly configure spring.jpa.open-in-view to disable this warning
2022-11-16 14:43:11.596  INFO 95972 --- [restartedMain] com.idb.reminder.ReminderApplication     : Started ReminderApplication in 8.015 seconds (JVM running for 8.295)
2022-11-16 14:51:38.046  INFO 96250 --- [restartedMain] com.idb.reminder.ReminderApplication     : Starting ReminderApplication using Java 18.0.1 on Dinh-Phus-MacBook-Pro-16.local with PID 96250 (/Volumes/My_Data/WORKs/iDB/TPBank/Utils-SourceCode/reminder/target/classes started by dinhphu in /Volumes/My_Data/WORKs/iDB/TPBank/Utils-SourceCode/reminder)
2022-11-16 14:51:38.047 DEBUG 96250 --- [restartedMain] com.idb.reminder.ReminderApplication     : Running with Spring Boot v2.7.5, Spring v5.3.23
2022-11-16 14:51:38.047  INFO 96250 --- [restartedMain] com.idb.reminder.ReminderApplication     : No active profile set, falling back to 1 default profile: "default"
2022-11-16 14:51:40.449  WARN 96250 --- [restartedMain] JpaBaseConfiguration$JpaWebConfiguration : spring.jpa.open-in-view is enabled by default. Therefore, database queries may be performed during view rendering. Explicitly configure spring.jpa.open-in-view to disable this warning
2022-11-16 14:51:40.910  INFO 96250 --- [restartedMain] com.idb.reminder.ReminderApplication     : Started ReminderApplication in 8.189 seconds (JVM running for 8.497)
2022-11-16 14:53:09.341  INFO 96325 --- [restartedMain] com.idb.reminder.ReminderApplication     : Starting ReminderApplication using Java 18.0.1 on Dinh-Phus-MacBook-Pro-16.local with PID 96325 (/Volumes/My_Data/WORKs/iDB/TPBank/Utils-SourceCode/reminder/target/classes started by dinhphu in /Volumes/My_Data/WORKs/iDB/TPBank/Utils-SourceCode/reminder)
2022-11-16 14:53:09.342 DEBUG 96325 --- [restartedMain] com.idb.reminder.ReminderApplication     : Running with Spring Boot v2.7.5, Spring v5.3.23
2022-11-16 14:53:09.343  INFO 96325 --- [restartedMain] com.idb.reminder.ReminderApplication     : No active profile set, falling back to 1 default profile: "default"
2022-11-16 14:53:11.688  WARN 96325 --- [restartedMain] JpaBaseConfiguration$JpaWebConfiguration : spring.jpa.open-in-view is enabled by default. Therefore, database queries may be performed during view rendering. Explicitly configure spring.jpa.open-in-view to disable this warning
2022-11-16 14:53:12.145  INFO 96325 --- [restartedMain] com.idb.reminder.ReminderApplication     : Started ReminderApplication in 8.077 seconds (JVM running for 8.354)
2022-11-16 14:55:15.840  INFO 96423 --- [main] c.idb.reminder.ReminderApplicationTests  : Starting ReminderApplicationTests using Java 18.0.1 on Dinh-Phus-MacBook-Pro-16.local with PID 96423 (started by dinhphu in /Volumes/My_Data/WORKs/iDB/TPBank/Utils-SourceCode/reminder)
2022-11-16 14:55:15.840 DEBUG 96423 --- [main] c.idb.reminder.ReminderApplicationTests  : Running with Spring Boot v2.7.5, Spring v5.3.23
2022-11-16 14:55:15.841  INFO 96423 --- [main] c.idb.reminder.ReminderApplicationTests  : No active profile set, falling back to 1 default profile: "default"
2022-11-16 14:55:18.339  WARN 96423 --- [main] JpaBaseConfiguration$JpaWebConfiguration : spring.jpa.open-in-view is enabled by default. Therefore, database queries may be performed during view rendering. Explicitly configure spring.jpa.open-in-view to disable this warning
2022-11-16 14:55:19.255  INFO 96423 --- [main] c.idb.reminder.ReminderApplicationTests  : Started ReminderApplicationTests in 8.697 seconds (JVM running for 9.362)
2022-11-16 14:55:36.586  WARN 96473 --- [main] JpaBaseConfiguration$JpaWebConfiguration : spring.jpa.open-in-view is enabled by default. Therefore, database queries may be performed during view rendering. Explicitly configure spring.jpa.open-in-view to disable this warning
2022-11-16 16:04:06.776  WARN 99134 --- [restartedMain] JpaBaseConfiguration$JpaWebConfiguration : spring.jpa.open-in-view is enabled by default. Therefore, database queries may be performed during view rendering. Explicitly configure spring.jpa.open-in-view to disable this warning
2022-11-16 16:08:27.172  WARN 99719 --- [restartedMain] JpaBaseConfiguration$JpaWebConfiguration : spring.jpa.open-in-view is enabled by default. Therefore, database queries may be performed during view rendering. Explicitly configure spring.jpa.open-in-view to disable this warning
2022-11-16 16:11:27.951  WARN 99818 --- [restartedMain] JpaBaseConfiguration$JpaWebConfiguration : spring.jpa.open-in-view is enabled by default. Therefore, database queries may be performed during view rendering. Explicitly configure spring.jpa.open-in-view to disable this warning
2022-11-16 16:12:51.567  WARN 99896 --- [main] JpaBaseConfiguration$JpaWebConfiguration : spring.jpa.open-in-view is enabled by default. Therefore, database queries may be performed during view rendering. Explicitly configure spring.jpa.open-in-view to disable this warning
2022-11-16 16:55:55.711  WARN 2252 --- [restartedMain] JpaBaseConfiguration$JpaWebConfiguration : spring.jpa.open-in-view is enabled by default. Therefore, database queries may be performed during view rendering. Explicitly configure spring.jpa.open-in-view to disable this warning
2022-11-16 16:57:09.304  WARN 2319 --- [main] JpaBaseConfiguration$JpaWebConfiguration : spring.jpa.open-in-view is enabled by default. Therefore, database queries may be performed during view rendering. Explicitly configure spring.jpa.open-in-view to disable this warning
